<?xml version="1.0" encoding="UTF-8"?>
<!-- Generated by org.testng.reporters.JUnitReportReporter -->
<testsuite hostname="DESKTOP-S175QS1" failures="0" tests="1" name="com.citi.testcases.MakeMyTripHomePageTestCase" time="32.154" errors="0" timestamp="2021-01-25T20:23:49 GMT-05:00" skipped="0">
  <testcase classname="com.citi.testcases.MakeMyTripHomePageTestCase" name="numofDepartureList" time="32.154"/>
  <system-out/>
</testsuite> <!-- com.citi.testcases.MakeMyTripHomePageTestCase -->
